c:\users\jiaji\source\repos\antiscammertoolset_build_v0.15\antiscammertoolset_build_v0.15\x64\release\antiscammertoolsetbuildv015.assembling_solution.resources
c:\users\jiaji\source\repos\antiscammertoolset_build_v0.15\antiscammertoolset_build_v0.15\x64\release\antiscammertoolsetbuildv015.fake_virus_scanner.resources
c:\users\jiaji\source\repos\antiscammertoolset_build_v0.15\antiscammertoolset_build_v0.15\x64\release\antiscammertoolsetbuildv015.live_update.resources
c:\users\jiaji\source\repos\antiscammertoolset_build_v0.15\antiscammertoolset_build_v0.15\x64\release\vc141.pdb
c:\users\jiaji\source\repos\antiscammertoolset_build_v0.15\antiscammertoolset_build_v0.15\x64\release\.netframework,version=v4.7.2.assemblyattributes.obj
c:\users\jiaji\source\repos\antiscammertoolset_build_v0.15\antiscammertoolset_build_v0.15\x64\release\.netframework,version=v4.7.2.assemblyattributes.asm
c:\users\jiaji\source\repos\antiscammertoolset_build_v0.15\antiscammertoolset_build_v0.15\x64\release\assembling_solution.obj
c:\users\jiaji\source\repos\antiscammertoolset_build_v0.15\x64\release\antiscammertoolset_build_v0.15.exe
c:\users\jiaji\source\repos\antiscammertoolset_build_v0.15\x64\release\antiscammertoolset_build_v0.15.pdb
c:\users\jiaji\source\repos\antiscammertoolset_build_v0.15\antiscammertoolset_build_v0.15\x64\release\antiscammertoolset_build_v0.15.vcxproj.generateresource.cache
c:\users\jiaji\source\repos\antiscammertoolset_build_v0.15\antiscammertoolset_build_v0.15\x64\release\antiscammertoolset_build_v0.15.vcxprojassemblyreference.cache
c:\users\jiaji\source\repos\antiscammertoolset_build_v0.15\antiscammertoolset_build_v0.15\x64\release\antiscam.b790f56d.tlog\antiscammertoolset_build_v0.15.write.1u.tlog
c:\users\jiaji\source\repos\antiscammertoolset_build_v0.15\antiscammertoolset_build_v0.15\x64\release\antiscam.b790f56d.tlog\cl.command.1.tlog
c:\users\jiaji\source\repos\antiscammertoolset_build_v0.15\antiscammertoolset_build_v0.15\x64\release\antiscam.b790f56d.tlog\cl.read.1.tlog
c:\users\jiaji\source\repos\antiscammertoolset_build_v0.15\antiscammertoolset_build_v0.15\x64\release\antiscam.b790f56d.tlog\cl.write.1.tlog
c:\users\jiaji\source\repos\antiscammertoolset_build_v0.15\antiscammertoolset_build_v0.15\x64\release\antiscam.b790f56d.tlog\link.command.1.tlog
c:\users\jiaji\source\repos\antiscammertoolset_build_v0.15\antiscammertoolset_build_v0.15\x64\release\antiscam.b790f56d.tlog\link.read.1.tlog
c:\users\jiaji\source\repos\antiscammertoolset_build_v0.15\antiscammertoolset_build_v0.15\x64\release\antiscam.b790f56d.tlog\link.write.1.tlog
c:\users\jiaji\source\repos\antiscammertoolset_build_v0.15\antiscammertoolset_build_v0.15\x64\release\antiscam.b790f56d.tlog\metagen.read.1.tlog
c:\users\jiaji\source\repos\antiscammertoolset_build_v0.15\antiscammertoolset_build_v0.15\x64\release\antiscam.b790f56d.tlog\metagen.write.1.tlog
